<?xml version="1.0" encoding="utf-8" standalone="no"?>
<!--This file represents the results of running a test suite-->
<test-results name="C:\Iamijaz\GG.Web.HelloMVCWorld\BuildOutput\UnitTestOutput\GG.HelloMVCWorld.Test.Unit.dll" total="3" errors="0" failures="0" not-run="0" inconclusive="0" ignored="0" skipped="0" invalid="0" date="2014-10-01" time="16:26:09">
  <environment nunit-version="2.6.3.13283" clr-version="2.0.50727.8000" os-version="Microsoft Windows NT 6.2.9200.0" platform="Win32NT" cwd="C:\Iamijaz\GG.Web.HelloMVCWorld\BuildOutput\UnitTestOutput" machine-name="DEVLAPTOP-28" user="iahmed" user-domain="JUSTGIVING01" />
  <culture-info current-culture="en-GB" current-uiculture="en-GB" />
  <test-suite type="Assembly" name="C:\Iamijaz\GG.Web.HelloMVCWorld\BuildOutput\UnitTestOutput\GG.HelloMVCWorld.Test.Unit.dll" executed="True" result="Success" success="True" time="0.561" asserts="0">
    <results>
      <test-suite type="Namespace" name="GG" executed="True" result="Success" success="True" time="0.555" asserts="0">
        <results>
          <test-suite type="Namespace" name="HelloMVCWorld" executed="True" result="Success" success="True" time="0.555" asserts="0">
            <results>
              <test-suite type="Namespace" name="Test" executed="True" result="Success" success="True" time="0.554" asserts="0">
                <results>
                  <test-suite type="Namespace" name="Unit" executed="True" result="Success" success="True" time="0.554" asserts="0">
                    <results>
                      <test-suite type="Namespace" name="Controllers" executed="True" result="Success" success="True" time="0.554" asserts="0">
                        <results>
                          <test-suite type="TestFixture" name="HomeControllerTest" executed="True" result="Success" success="True" time="0.553" asserts="0">
                            <results>
                              <test-suite type="ParameterizedTest" name="About" executed="True" result="Success" success="True" time="0.387" asserts="0">
                                <results>
                                  <test-case name="GG.HelloMVCWorld.Test.Unit.Controllers.HomeControllerTest.About()" executed="True" result="Success" success="True" time="0.384" asserts="0" />
                                </results>
                              </test-suite>
                              <test-suite type="ParameterizedTest" name="Contact" executed="True" result="Success" success="True" time="0.003" asserts="0">
                                <results>
                                  <test-case name="GG.HelloMVCWorld.Test.Unit.Controllers.HomeControllerTest.Contact()" executed="True" result="Success" success="True" time="0.002" asserts="0" />
                                </results>
                              </test-suite>
                              <test-suite type="ParameterizedTest" name="Index" executed="True" result="Success" success="True" time="0.154" asserts="0">
                                <results>
                                  <test-case name="GG.HelloMVCWorld.Test.Unit.Controllers.HomeControllerTest.Index()" executed="True" result="Success" success="True" time="0.153" asserts="0" />
                                </results>
                              </test-suite>
                            </results>
                          </test-suite>
                        </results>
                      </test-suite>
                    </results>
                  </test-suite>
                </results>
              </test-suite>
            </results>
          </test-suite>
        </results>
      </test-suite>
    </results>
  </test-suite>
</test-results>